#
# There is insufficient memory for the Java Runtime Environment to continue.
# Native memory allocation (mmap) failed to map 268435456 bytes for Failed to commit area from 0x0000000700c00000 to 0x0000000710c00000 of length 268435456.
# Possible reasons:
#   The system is out of physical RAM or swap space
#   The process is running with CompressedOops enabled, and the Java Heap may be blocking the growth of the native heap
# Possible solutions:
#   Reduce memory load on the system
#   Increase physical memory or swap space
#   Check if swap backing store is full
#   Decrease Java heap size (-Xmx/-Xms)
#   Decrease number of Java threads
#   Decrease Java thread stack sizes (-Xss)
#   Set larger code cache with -XX:ReservedCodeCacheSize=
# This output file may be truncated or incomplete.
#
#  Out of Memory Error (t:/workspace/open/src/hotspot/os/windows/os_windows.cpp:3271), pid=53556, tid=53732
#
# JRE version:  (11.0.6+8) (build )
# Java VM: Java HotSpot(TM) 64-Bit Server VM (11.0.6+8-LTS, mixed mode, sharing, tiered, compressed oops, g1 gc, windows-amd64)
# No core dump will be written. Minidumps are not enabled by default on client versions of Windows
#

---------------  S U M M A R Y ------------

Command Line: -Dfile.encoding=MS949 Swing.Frame.Register

Host: AMD Ryzen 7 3700X 8-Core Processor             , 16 cores, 15G,  Windows 10 , 64 bit Build 18362 (10.0.18362.778)
Time: Fri Jun  5 01:02:35 2020 ´eCN¹I±¹ C￥AØ½A elapsed time: 0 seconds (0d 0h 0m 0s)

---------------  T H R E A D  ---------------

Current thread (0x0000012310781800):  JavaThread "Unknown thread" [_thread_in_vm, id=53732, stack(0x0000001714700000,0x0000001714800000)]

Stack: [0x0000001714700000,0x0000001714800000]
Native frames: (J=compiled Java code, j=interpreted, Vv=VM code, C=native code)
V  [jvm.dll+0x63679a]
V  [jvm.dll+0x7755bf]
V  [jvm.dll+0x776c65]
V  [jvm.dll+0x7772d3]
V  [jvm.dll+0x25e7f8]
V  [jvm.dll+0x633c4a]
V  [jvm.dll+0x628625]
V  [jvm.dll+0x314a7c]
V  [jvm.dll+0x314902]
V  [jvm.dll+0x31a176]
V  [jvm.dll+0x36650f]
V  [jvm.dll+0x365f30]
V  [jvm.dll+0x2f1a78]
V  [jvm.dll+0x2f2bf6]
V  [jvm.dll+0x74e707]
V  [jvm.dll+0x74fe7f]
V  [jvm.dll+0x373349]
V  [jvm.dll+0x734e5e]
V  [jvm.dll+0x3e2b5d]
V  [jvm.dll+0x3e4ef1]
C  [javaw.exe+0x3617]
C  [javaw.exe+0x17e2c]
C  [KERNEL32.DLL+0x17bd4]
C  [ntdll.dll+0x6ce51]


---------------  P R O C E S S  ---------------

Threads class SMR info:
_java_thread_list=0x000001230e57f920, length=0, elements={
}

Java Threads: ( => current thread )

Other Threads:
  0x0000012310798000 GCTaskThread "GC Thread#0" [stack: 0x0000001714800000,0x0000001714900000] [id=53672]
  0x00000123107f6000 ConcurrentGCThread "G1 Main Marker" [stack: 0x0000001714900000,0x0000001714a00000] [id=53944]
  0x00000123107f8000 ConcurrentGCThread "G1 Conc#0" [stack: 0x0000001714a00000,0x0000001714b00000] [id=53992]

[error occurred during error reporting (printing all threads), id 0xc0000005, EXCEPTION_ACCESS_VIOLATION (0xc0000005) at pc=0x00007ffcf5620207]

VM state:not at safepoint (not fully initialized)

VM Mutex/Monitor currently owned by a thread:  ([mutex/lock_event])
[0x000001231077f020] Heap_lock - owner thread: 0x0000012310781800

Heap address: 0x0000000700c00000, size: 4084 MB, Compressed Oops mode: Non-zero based: 0x0000000700c00000
Narrow klass base: 0x0000000000000000, Narrow klass shift: 0

GC Heap History (0 events):
No events

Deoptimization events (0 events):
No events

Classes redefined (0 events):
No events

Internal exceptions (0 events):
No events

Events (0 events):
No events


Dynamic libraries:
0x00007ff6d27e0000 - 0x00007ff6d2827000 	C:\Program Files\Java\jdk-11.0.6\bin\javaw.exe
0x00007ffd686c0000 - 0x00007ffd688b0000 	C:\Windows\SYSTEM32\ntdll.dll
0x00007ffd66780000 - 0x00007ffd66832000 	C:\Windows\System32\KERNEL32.DLL
0x00007ffd656a0000 - 0x00007ffd65944000 	C:\Windows\System32\KERNELBASE.dll
0x00007ffd67890000 - 0x00007ffd67933000 	C:\Windows\System32\ADVAPI32.dll
0x00007ffd66ee0000 - 0x00007ffd66f7e000 	C:\Windows\System32\msvcrt.dll
0x00007ffd669d0000 - 0x00007ffd66a67000 	C:\Windows\System32\sechost.dll
0x00007ffd67a40000 - 0x00007ffd67b60000 	C:\Windows\System32\RPCRT4.dll
0x00007ffd681b0000 - 0x00007ffd68344000 	C:\Windows\System32\USER32.dll
0x00007ffd664a0000 - 0x00007ffd664c1000 	C:\Windows\System32\win32u.dll
0x00007ffd67150000 - 0x00007ffd67176000 	C:\Windows\System32\GDI32.dll
0x00007ffd665d0000 - 0x00007ffd66764000 	C:\Windows\System32\gdi32full.dll
0x00007ffd65a50000 - 0x00007ffd65aee000 	C:\Windows\System32\msvcp_win.dll
0x00007ffd664d0000 - 0x00007ffd665ca000 	C:\Windows\System32\ucrtbase.dll
0x00007ffd55c70000 - 0x00007ffd55ef4000 	C:\Windows\WinSxS\amd64_microsoft.windows.common-controls_6595b64144ccf1df_6.0.18362.836_none_e6c4b943130f18ed\COMCTL32.dll
0x00007ffd63250000 - 0x00007ffd6325a000 	C:\Windows\SYSTEM32\VERSION.dll
0x00007ffd67b60000 - 0x00007ffd67e96000 	C:\Windows\System32\combase.dll
0x00007ffd65af0000 - 0x00007ffd65b70000 	C:\Windows\System32\bcryptPrimitives.dll
0x00007ffd67940000 - 0x00007ffd6796e000 	C:\Windows\System32\IMM32.DLL
0x00007ffd57af0000 - 0x00007ffd57b06000 	C:\Program Files\Java\jdk-11.0.6\bin\vcruntime140.dll
0x00007ffd34470000 - 0x00007ffd3451a000 	C:\Program Files\Java\jdk-11.0.6\bin\msvcp140.dll
0x00007ffcf5320000 - 0x00007ffcf5e49000 	C:\Program Files\Java\jdk-11.0.6\bin\server\jvm.dll
0x00007ffd68040000 - 0x00007ffd68048000 	C:\Windows\System32\PSAPI.DLL
0x00007ffd503d0000 - 0x00007ffd503d9000 	C:\Windows\SYSTEM32\WSOCK32.dll
0x00007ffd618a0000 - 0x00007ffd618c4000 	C:\Windows\SYSTEM32\WINMM.dll
0x00007ffd67fd0000 - 0x00007ffd6803f000 	C:\Windows\System32\WS2_32.dll
0x00007ffd61870000 - 0x00007ffd6189d000 	C:\Windows\SYSTEM32\winmmbase.dll
0x00007ffd65950000 - 0x00007ffd6599a000 	C:\Windows\System32\cfgmgr32.dll
0x00007ffd655c0000 - 0x00007ffd655d1000 	C:\Windows\System32\kernel.appcore.dll
0x00007ffd5cd00000 - 0x00007ffd5cd11000 	C:\Program Files\Java\jdk-11.0.6\bin\verify.dll
0x00007ffd63d00000 - 0x00007ffd63ef4000 	C:\Windows\SYSTEM32\DBGHELP.DLL
0x00007ffd518b0000 - 0x00007ffd518da000 	C:\Windows\SYSTEM32\dbgcore.DLL
0x00007ffd5b530000 - 0x00007ffd5b559000 	C:\Program Files\Java\jdk-11.0.6\bin\java.dll
0x00007ffd5c2e0000 - 0x00007ffd5c2f6000 	C:\Program Files\Java\jdk-11.0.6\bin\zip.dll
0x00007ffd5cd50000 - 0x00007ffd5cd5a000 	C:\Program Files\Java\jdk-11.0.6\bin\jimage.dll

dbghelp: loaded successfully - version: 4.0.5 - missing functions: none
symbol engine: initialized successfully - sym options: 0x614 - pdb path: .;C:\Program Files\Java\jdk-11.0.6\bin;C:\Windows\SYSTEM32;C:\Windows\WinSxS\amd64_microsoft.windows.common-controls_6595b64144ccf1df_6.0.18362.836_none_e6c4b943130f18ed;C:\Program Files\Java\jdk-11.0.6\bin\server

VM Arguments:
jvm_args: -Dfile.encoding=MS949 
java_command: Swing.Frame.Register
java_class_path (initial): E:\바탕화면\2학년\JAVA\.metadata\Lee\bin;D:\db\ojdbc6.jar
Launcher Type: SUN_STANDARD

[Global flags]
     intx CICompilerCount                          = 12                                        {product} {ergonomic}
     uint ConcGCThreads                            = 3                                         {product} {ergonomic}
     uint G1ConcRefinementThreads                  = 13                                        {product} {ergonomic}
   size_t G1HeapRegionSize                         = 1048576                                   {product} {ergonomic}
    uintx GCDrainStackTargetSize                   = 64                                        {product} {ergonomic}
   size_t InitialHeapSize                          = 268435456                                 {product} {ergonomic}
   size_t MarkStackSize                            = 4194304                                   {product} {ergonomic}
   size_t MaxHeapSize                              = 4282384384                                {product} {ergonomic}
   size_t MinHeapDeltaBytes                        = 1048576                                   {product} {ergonomic}
    uintx NonNMethodCodeHeapSize                   = 7594288                                {pd product} {ergonomic}
    uintx NonProfiledCodeHeapSize                  = 122031976                              {pd product} {ergonomic}
    uintx ProfiledCodeHeapSize                     = 122031976                              {pd product} {ergonomic}
    uintx ReservedCodeCacheSize                    = 251658240                              {pd product} {ergonomic}
     bool SegmentedCodeCache                       = true                                      {product} {ergonomic}
     bool UseCompressedClassPointers               = true                                 {lp64_product} {ergonomic}
     bool UseCompressedOops                        = true                                 {lp64_product} {ergonomic}
     bool UseG1GC                                  = true                                      {product} {ergonomic}
     bool UseLargePagesIndividualAllocation        = false                                  {pd product} {ergonomic}

Logging:
Log output configuration:
 #0: stdout all=warning uptime,level,tags
 #1: stderr all=off uptime,level,tags

Environment Variables:
JAVA_HOME=C:\Program Files\Java\jdk-11.0.6
PATH=C:/Program Files/Java/jdk-11.0.6/bin/server;C:/Program Files/Java/jdk-11.0.6/bin;C:\Program Files (x86)\NAT Service;C:\oraclexe\app\oracle\product\11.2.0\server\bin;;C:\Program Files\Java\jdk-11.0.6\bin;C:\ProgramData\Oracle\Java\javapath;C:\Windows\system32;C:\Windows;C:\Windows\System32\Wbem;C:\Windows\System32\WindowsPowerShell\v1.0\;C:\Windows\System32\OpenSSH\;C:\Program Files (x86)\NVIDIA Corporation\PhysX\Common;C:\Program Files\NVIDIA Corporation\NVIDIA NvDLISR;C:\Users\cxv96\AppData\Local\Microsoft\WindowsApps;;C:\Windows\System32;
USERNAME=cxv96
OS=Windows_NT
PROCESSOR_IDENTIFIER=AMD64 Family 23 Model 113 Stepping 0, AuthenticAMD



---------------  S Y S T E M  ---------------

OS: Windows 10 , 64 bit Build 18362 (10.0.18362.778)

CPU:total 16 (initial active 16) (16 cores per cpu, 2 threads per core) family 23 model 113 stepping 0, cmov, cx8, fxsr, mmx, sse, sse2, sse3, ssse3, sse4.1, sse4.2, popcnt, avx, avx2, aes, clmul, mmxext, 3dnowpref, lzcnt, sse4a, ht, tsc, tscinvbit, tscinv, bmi1, bmi2, adx, sha, fma

Memory: 4k page, system-wide physical 16332M (2908M free)
TotalPageFile size 65484M (AvailPageFile size 119M)
current process WorkingSet (physical memory assigned to process): 10M, peak: 10M
current process commit charge ("private bytes"): 71M, peak: 327M

vm_info: Java HotSpot(TM) 64-Bit Server VM (11.0.6+8-LTS) for windows-amd64 JRE (11.0.6+8-LTS), built on Dec 11 2019 09:17:57 by "mach5one" with MS VC++ 15.5 (VS2017)

END.
